---------------------------------------
Resource Usage Report for POKEY_Top 

Mapping to part: ice40hx8kcb132
Cell usage:
GND             106 uses
SB_CARRY        5 uses
SB_DFF          24 uses
SB_DFFE         211 uses
SB_DFFN         13 uses
SB_DFFNE        345 uses
SB_GB           3 uses
VCC             106 uses
SB_LUT4         540 uses

I/O ports: 47
I/O primitives: 47
SB_IO          46 uses
SB_PLL40_PAD   1 use

I/O Register bits:                  0
Register bits not including I/Os:   593 (7%)

@S |Mapping Summary:
Total  LUTs: 540 (7%)

Distribution of All Consumed LUTs = LUT4 
Distribution of All Consumed Luts 540 = 540 

