Running in Lattice mode


Starting:    C:\lscc\iCEcube2.2020.12\synpbase\bin64\mbin\synbatch.exe
Install:     C:\lscc\iCEcube2.2020.12\synpbase
Hostname:    LAPTOP-DTPKTC7I
Date:        Sat Oct 12 16:47:52 2024
Version:     L-2016.09L+ice40

Arguments:   -product synplify_pro -batch Prototype2_syn.prj
ProductType: synplify_pro





log file: "D:\work\Arcade+Projects\atari_pokey\FPGA\Prototype2\Prototype2\Prototype2_Implmnt\Prototype2.srr"
Running: Prototype2_Implmnt in foreground

Running Prototype2_syn|Prototype2_Implmnt

Running: compile (Compile) on Prototype2_syn|Prototype2_Implmnt
# Sat Oct 12 16:47:52 2024

Running: compile_flow (Compile Process) on Prototype2_syn|Prototype2_Implmnt
# Sat Oct 12 16:47:52 2024

Running: compiler (Compile Input) on Prototype2_syn|Prototype2_Implmnt
# Sat Oct 12 16:47:52 2024
Copied D:\work\Arcade+Projects\atari_pokey\FPGA\Prototype2\Prototype2\Prototype2_Implmnt\synwork\Prototype2_comp.srs to D:\work\Arcade+Projects\atari_pokey\FPGA\Prototype2\Prototype2\Prototype2_Implmnt\Prototype2.srs

compiler completed
# Sat Oct 12 16:47:54 2024

Return Code: 0
Run Time:00h:00m:02s

Running: multi_srs_gen (Multi-srs Generator) on Prototype2_syn|Prototype2_Implmnt
# Sat Oct 12 16:47:54 2024

multi_srs_gen completed
# Sat Oct 12 16:47:54 2024

Return Code: 0
Run Time:00h:00m:00s
Copied D:\work\Arcade+Projects\atari_pokey\FPGA\Prototype2\Prototype2\Prototype2_Implmnt\synwork\Prototype2_mult.srs to D:\work\Arcade+Projects\atari_pokey\FPGA\Prototype2\Prototype2\Prototype2_Implmnt\Prototype2.srs
Complete: Compile Process on Prototype2_syn|Prototype2_Implmnt

Running: premap (Pre-mapping) on Prototype2_syn|Prototype2_Implmnt
# Sat Oct 12 16:47:54 2024

premap completed with warnings
# Sat Oct 12 16:47:54 2024

Return Code: 1
Run Time:00h:00m:00s
Complete: Compile on Prototype2_syn|Prototype2_Implmnt

Running: map (Map) on Prototype2_syn|Prototype2_Implmnt
# Sat Oct 12 16:47:54 2024
License granted for 4 parallel jobs

Running: fpga_mapper (Map & Optimize) on Prototype2_syn|Prototype2_Implmnt
# Sat Oct 12 16:47:54 2024
Copied D:\work\Arcade+Projects\atari_pokey\FPGA\Prototype2\Prototype2\Prototype2_Implmnt\synwork\Prototype2_m.srm to D:\work\Arcade+Projects\atari_pokey\FPGA\Prototype2\Prototype2\Prototype2_Implmnt\Prototype2.srm

fpga_mapper completed with warnings
# Sat Oct 12 16:47:57 2024

Return Code: 1
Run Time:00h:00m:03s
Complete: Map on Prototype2_syn|Prototype2_Implmnt
Complete: Logic Synthesis on Prototype2_syn|Prototype2_Implmnt

exit status=0

exit status=0

